<?xml version="1.0" encoding="UTF-8"?>
<testsuite name="pk.addressbook.tests.GroupDeletionTests" tests="1" skipped="0" failures="0" errors="0" timestamp="2022-10-24T01:59:38" hostname="DESKTOP-A05NKIP" time="8.661">
  <properties/>
  <testcase name="testGroupDeletion" classname="pk.addressbook.tests.GroupDeletionTests" time="8.661"/>
  <system-out><![CDATA[]]></system-out>
  <system-err><![CDATA[SLF4J: Failed to load class "org.slf4j.impl.StaticLoggerBinder".
SLF4J: Defaulting to no-operation (NOP) logger implementation
SLF4J: See http://www.slf4j.org/codes.html#StaticLoggerBinder for further details.
1666576778733	geckodriver	INFO	Listening on 127.0.0.1:64052
1666576779018	mozrunner::runner	INFO	Running command: "C:\\Program Files\\Mozilla Firefox\\firefox.exe" "--marionette" "--remote-debugging-port" "62726" "--remote-allow-hosts" "localhost" "--remote-allow-origins" "http://127.0.0.1:62726/,http://localhost:62726/,http://[::1]:62726/" "-no-remote" "-profile" "C:\\Users\\TIULKA~1\\AppData\\Local\\Temp\\rust_mozprofileFgpmg9"
1666576779657	Marionette	INFO	Marionette enabled
1666576779662	Marionette	INFO	Listening on port 51903
WebDriver BiDi listening on ws://localhost:62726
Read port: 51903
1666576779991	RemoteAgent	WARN	TLS certificate errors will be ignored for this session
console.warn: SearchSettings: "get: No settings file exists, new profile?" (new NotFoundError("Could not open the file at C:\\Users\\TIULKA~1\\AppData\\Local\\Temp\\rust_mozprofileFgpmg9\\search.json.mozlz4", (void 0)))
DevTools listening on ws://localhost:62726/devtools/browser/af4ea18a-9c4d-4f6a-978d-479718898406
Oct 24, 2022 4:59:43 AM org.openqa.selenium.remote.ProtocolHandshake createSession
INFO: Detected upstream dialect: W3C
console.warn: LoginRecipes: "getRecipes: falling back to a synchronous message for:" "http://localhost"
console.warn: LoginRecipes: "getRecipes: falling back to a synchronous message for:" "http://localhost"
JavaScript error: resource://gre/modules/LoginManagerParent.jsm, line 136: TypeError: gRecipeManager is null
console.warn: LoginRecipes: "getRecipes: falling back to a synchronous message for:" "http://localhost"
JavaScript error: resource://gre/modules/LoginManagerParent.jsm, line 136: TypeError: gRecipeManager is null
console.warn: LoginRecipes: "getRecipes: falling back to a synchronous message for:" "http://localhost"
JavaScript error: resource://gre/modules/LoginManagerParent.jsm, line 136: TypeError: gRecipeManager is null
console.warn: LoginRecipes: "getRecipes: falling back to a synchronous message for:" "http://localhost"
JavaScript error: resource://gre/modules/LoginManagerParent.jsm, line 136: TypeError: gRecipeManager is null
1666576785541	Marionette	INFO	Stopped listening on port 51903
[GFX1-]: RenderCompositorSWGL failed mapping default framebuffer, no dt
!!! error running onStopped callback: TypeError: callback is not a function
]]></system-err>
</testsuite>
