<?xml version="1.0" encoding="UTF-8"?>
<testsuite name="pk.addressbook.GroupCreationTests" tests="1" skipped="0" failures="0" errors="0" timestamp="2022-10-23T05:44:22" hostname="DESKTOP-A05NKIP" time="12.164">
  <properties/>
  <testcase name="testGroupCreation" classname="pk.addressbook.GroupCreationTests" time="12.164"/>
  <system-out><![CDATA[]]></system-out>
  <system-err><![CDATA[SLF4J: Failed to load class "org.slf4j.impl.StaticLoggerBinder".
SLF4J: Defaulting to no-operation (NOP) logger implementation
SLF4J: See http://www.slf4j.org/codes.html#StaticLoggerBinder for further details.
1666503863017	geckodriver	INFO	Listening on 127.0.0.1:64837
1666503863368	mozrunner::runner	INFO	Running command: "C:\\Program Files\\Mozilla Firefox\\firefox.exe" "--marionette" "--remote-debugging-port" "52264" "--remote-allow-hosts" "localhost" "--remote-allow-origins" "http://127.0.0.1:52264/,http://localhost:52264/,http://[::1]:52264/" "-no-remote" "-profile" "C:\\Users\\TIULKA~1\\AppData\\Local\\Temp\\rust_mozprofileXFCvfU"
1666503864090	Marionette	INFO	Marionette enabled
1666503864097	Marionette	INFO	Listening on port 50883
WebDriver BiDi listening on ws://localhost:52264
Read port: 50883
1666503864573	RemoteAgent	WARN	TLS certificate errors will be ignored for this session
console.warn: SearchSettings: "get: No settings file exists, new profile?" (new NotFoundError("Could not open the file at C:\\Users\\TIULKA~1\\AppData\\Local\\Temp\\rust_mozprofileXFCvfU\\search.json.mozlz4", (void 0)))
DevTools listening on ws://localhost:52264/devtools/browser/27d5dc41-8c37-4a04-b828-0c4b37ee5171
Oct 23, 2022 8:44:27 AM org.openqa.selenium.remote.ProtocolHandshake createSession
INFO: Detected upstream dialect: W3C
console.warn: LoginRecipes: "getRecipes: falling back to a synchronous message for:" "http://localhost"
console.warn: LoginRecipes: "getRecipes: falling back to a synchronous message for:" "http://localhost"
JavaScript error: resource://gre/modules/LoginManagerParent.jsm, line 136: TypeError: gRecipeManager is null
console.warn: LoginRecipes: "getRecipes: falling back to a synchronous message for:" "http://localhost"
JavaScript error: resource://gre/modules/LoginManagerParent.jsm, line 136: TypeError: gRecipeManager is null
console.warn: LoginRecipes: "getRecipes: falling back to a synchronous message for:" "http://localhost"
JavaScript error: resource://gre/modules/LoginManagerParent.jsm, line 136: TypeError: gRecipeManager is null
console.warn: LoginRecipes: "getRecipes: falling back to a synchronous message for:" "http://localhost"
JavaScript error: resource://gre/modules/LoginManagerParent.jsm, line 136: TypeError: gRecipeManager is null
console.warn: LoginRecipes: "getRecipes: falling back to a synchronous message for:" "http://localhost"
JavaScript error: resource://gre/modules/LoginManagerParent.jsm, line 136: TypeError: gRecipeManager is null
console.warn: LoginRecipes: "getRecipes: falling back to a synchronous message for:" "http://localhost"
JavaScript error: resource://gre/modules/LoginManagerParent.jsm, line 136: TypeError: gRecipeManager is null
1666503872254	Marionette	INFO	Stopped listening on port 50883
[GFX1-]: RenderCompositorSWGL failed mapping default framebuffer, no dt
!!! error running onStopped callback: TypeError: callback is not a function
]]></system-err>
</testsuite>
